<?xml version="1.0" encoding="UTF-8"?>
<testsuite xmlns:xsi="http://www.w3.org/2001/XMLSchema-instance" xsi:noNamespaceSchemaLocation="https://maven.apache.org/surefire/maven-surefire-plugin/xsd/surefire-test-report.xsd" name="user.UserTest" time="0.03" tests="2" errors="0" skipped="0" failures="1">
  <properties>
[...]
</properties>
  <testcase name="shouldReturnCorrectName" classname="user.UserTest" time="0.017"/>
  <testcase name="shouldFail" classname="user.UserTest" time="0.008">
    <failure message="expected: &lt;######&gt; but was: &lt;Hil&gt;" type="org.opentest4j.AssertionFailedError"><![CDATA[org.opentest4j.AssertionFailedError: expected: <######> but was: <Hil>
	at user.UserTest.shouldFail(UserTest.java:23)
]]></failure>
  </testcase>
</testsuite>