<?xml version="1.0" encoding="UTF-8"?>
<testsuite xmlns:xsi="http://www.w3.org/2001/XMLSchema-instance" xsi:noNamespaceSchemaLocation="https://maven.apache.org/surefire/maven-surefire-plugin/xsd/surefire-test-report.xsd" name="user.UserTest" time="0.02" tests="2" errors="0" skipped="1" failures="0">
  <properties>
[...]
</properties>
  <testcase name="shouldReturnCorrectName" classname="user.UserTest" time="0.01"/>
  <testcase name="shouldFail" classname="user.UserTest" time="0">
    <skipped message="public void user.UserTest.shouldFail() is @Disabled"/>
  </testcase>
</testsuite>